[0;32m2014-12-30 16:26:43 hadoop2 åˆå§‹åŒ– /etc/init.d/eyou_mail_rsyslogd é“¾æ¥æˆåŠŸ.[0m
[0;32m2014-12-30 16:26:43 hadoop2 åˆå§‹åŒ– /etc/init.d/eyou_mail_mysql é“¾æ¥æˆåŠŸ.[0m
[0;32m2014-12-30 16:26:43 hadoop2 åˆå§‹åŒ– /etc/init.d/eyou_mail_mysql_index é“¾æ¥æˆåŠŸ.[0m
[0;32m2014-12-30 16:26:43 hadoop2 åˆå§‹åŒ– /etc/init.d/eyou_mail_mysql_log é“¾æ¥æˆåŠŸ.[0m
[0;32m2014-12-30 16:26:43 hadoop2 åˆå§‹åŒ– /etc/init.d/eyou_mail_mproxy é“¾æ¥æˆåŠŸ.[0m
[0;32m2014-12-30 16:26:43 hadoop2 åˆå§‹åŒ– /etc/init.d/eyou_mail_mproxy_index é“¾æ¥æˆåŠŸ.[0m
[0;32m2014-12-30 16:26:43 hadoop2 åˆå§‹åŒ– /etc/init.d/eyou_mail_memcache_session é“¾æ¥æˆåŠŸ.[0m
[0;32m2014-12-30 16:26:43 hadoop2 åˆå§‹åŒ– /etc/init.d/eyou_mail_memcache_fix é“¾æ¥æˆåŠŸ.[0m
[0;32m2014-12-30 16:26:44 hadoop2 åˆå§‹åŒ– /etc/init.d/eyou_mail_memcache_hot é“¾æ¥æˆåŠŸ.[0m
[0;32m2014-12-30 16:26:44 hadoop2 åˆå§‹åŒ– /etc/init.d/eyou_mail_gearman é“¾æ¥æˆåŠŸ.[0m
[0;32m2014-12-30 16:26:44 hadoop2 åˆå§‹åŒ– /etc/init.d/eyou_mail_phpd é“¾æ¥æˆåŠŸ.[0m
[0;32m2014-12-30 16:26:44 hadoop2 åˆå§‹åŒ– /etc/init.d/eyou_mail_crtmpd é“¾æ¥æˆåŠŸ.[0m
[0;32m2014-12-30 16:26:44 hadoop2 åˆå§‹åŒ– /etc/init.d/eyou_mail_ecs_rstorage é“¾æ¥æˆåŠŸ.[0m
[0;32m2014-12-30 16:26:44 hadoop2 åˆå§‹åŒ– /etc/init.d/eyou_mail_ecs_wstorage é“¾æ¥æˆåŠŸ.[0m
[0;32m2014-12-30 16:26:44 hadoop2 åˆå§‹åŒ– /etc/init.d/eyou_mail_ecs_tracker é“¾æ¥æˆåŠŸ.[0m
[0;32m2014-12-30 16:26:44 hadoop2 åˆå§‹åŒ– /etc/init.d/eyou_mail_httpd é“¾æ¥æˆåŠŸ.[0m
[0;32m2014-12-30 16:26:44 hadoop2 åˆå§‹åŒ– /etc/init.d/eyou_mail_nginx é“¾æ¥æˆåŠŸ.[0m
[0;32m2014-12-30 16:26:45 hadoop2 åˆå§‹åŒ– /etc/init.d/eyou_mail_bounce é“¾æ¥æˆåŠŸ.[0m
[0;32m2014-12-30 16:26:45 hadoop2 åˆå§‹åŒ– /etc/init.d/eyou_mail_local é“¾æ¥æˆåŠŸ.[0m
[0;32m2014-12-30 16:26:45 hadoop2 åˆå§‹åŒ– /etc/init.d/eyou_mail_remote é“¾æ¥æˆåŠŸ.[0m
[0;32m2014-12-30 16:26:45 hadoop2 åˆå§‹åŒ– /etc/init.d/eyou_mail_mlist é“¾æ¥æˆåŠŸ.[0m
[0;32m2014-12-30 16:26:45 hadoop2 åˆå§‹åŒ– /etc/init.d/eyou_mail_smtp é“¾æ¥æˆåŠŸ.[0m
[0;32m2014-12-30 16:26:45 hadoop2 åˆå§‹åŒ– /etc/init.d/eyou_mail_pop é“¾æ¥æˆåŠŸ.[0m
[0;32m2014-12-30 16:26:45 hadoop2 åˆå§‹åŒ– /etc/init.d/eyou_mail_imap é“¾æ¥æˆåŠŸ.[0m
[0;32m2014-12-30 16:26:45 hadoop2 åˆå§‹åŒ– /etc/init.d/eyou_mail_cleanup é“¾æ¥æˆåŠŸ.[0m
[0;32m2014-12-30 16:26:45 hadoop2 åˆå§‹åŒ– /etc/init.d/eyou_mail_cron_etc é“¾æ¥æˆåŠŸ.[0m
[0;32m2014-12-30 16:26:46 hadoop2 åˆå§‹åŒ– /etc/init.d/eyou_mount é“¾æ¥æˆåŠŸ.[0m
[0;32m2014-12-30 16:26:46 hadoop2 åˆå§‹åŒ– /etc/init.d/eyou_check_network é“¾æ¥æˆåŠŸ.[0m
[0;32m2014-12-30 16:26:46 hadoop2 åˆå§‹åŒ– /etc/init.d/eyou_check_sendemail é“¾æ¥æˆåŠŸ.[0m
[0;32m2014-12-30 16:26:46 hadoop2 åˆå§‹åŒ– /etc/init.d/eyou_cron_corolog é“¾æ¥æˆåŠŸ.[0m
[0;31m2014-12-30 16:26:57 hadoop2 ç£ç›˜æ•´ä½“æ£€æµ‹ æ²¡æœ‰ /data/eyou_ha/run/eyou_mount.pid æ–‡ä»¶ã€‚[0m
[0;31m2014-12-30 16:29:40 hadoop2 æœªæ‰¾åˆ°PID æ–‡ä»¶ [ rsyslogd ][0m
[0;31m2014-12-30 16:29:41 hadoop2 æœªæ‰¾åˆ°PID æ–‡ä»¶ [ mysql ][0m
[0;31m2014-12-30 16:29:42 hadoop2 æœªæ‰¾åˆ°PID æ–‡ä»¶ [ mysql_index ][0m
[0;31m2014-12-30 16:30:35 hadoop2 ç£ç›˜æ•´ä½“æ£€æµ‹ æ²¡æœ‰ /data/eyou_ha/run/eyou_mount.pid æ–‡ä»¶ã€‚[0m
[0;31m2014-12-30 16:30:36 hadoop2 æœªæ‰¾åˆ°PID æ–‡ä»¶ [ rsyslogd ][0m
[0;31m2014-12-30 16:30:36 hadoop2 æœªæ‰¾åˆ°PID æ–‡ä»¶ [ mysql ][0m
[0;31m2014-12-30 16:30:36 hadoop2 æœªæ‰¾åˆ°PID æ–‡ä»¶ [ mysql_index ][0m
[0;32m2014-12-30 16:30:57 hadoop2 åˆå§‹åŒ–æ£€æµ‹ /etc/init.d/eyou_mail_rsyslogd å­˜åœ¨ï¼Œé€€å‡º.[0m
[0;32m2014-12-30 16:30:57 hadoop2 åˆå§‹åŒ–æ£€æµ‹ /etc/init.d/eyou_mail_mysql å­˜åœ¨ï¼Œé€€å‡º.[0m
[0;32m2014-12-30 16:30:57 hadoop2 åˆå§‹åŒ–æ£€æµ‹ /etc/init.d/eyou_mail_mysql_index å­˜åœ¨ï¼Œé€€å‡º.[0m
[0;32m2014-12-30 16:30:57 hadoop2 åˆå§‹åŒ–æ£€æµ‹ /etc/init.d/eyou_mail_mysql_log å­˜åœ¨ï¼Œé€€å‡º.[0m
[0;32m2014-12-30 16:30:57 hadoop2 åˆå§‹åŒ–æ£€æµ‹ /etc/init.d/eyou_mail_mproxy å­˜åœ¨ï¼Œé€€å‡º.[0m
[0;32m2014-12-30 16:30:57 hadoop2 åˆå§‹åŒ–æ£€æµ‹ /etc/init.d/eyou_mail_mproxy_index å­˜åœ¨ï¼Œé€€å‡º.[0m
[0;32m2014-12-30 16:30:57 hadoop2 åˆå§‹åŒ–æ£€æµ‹ /etc/init.d/eyou_mail_memcache_session å­˜åœ¨ï¼Œé€€å‡º.[0m
[0;32m2014-12-30 16:30:57 hadoop2 åˆå§‹åŒ–æ£€æµ‹ /etc/init.d/eyou_mail_memcache_fix å­˜åœ¨ï¼Œé€€å‡º.[0m
[0;32m2014-12-30 16:30:57 hadoop2 åˆå§‹åŒ–æ£€æµ‹ /etc/init.d/eyou_mail_memcache_hot å­˜åœ¨ï¼Œé€€å‡º.[0m
[0;32m2014-12-30 16:30:58 hadoop2 åˆå§‹åŒ–æ£€æµ‹ /etc/init.d/eyou_mail_gearman å­˜åœ¨ï¼Œé€€å‡º.[0m
[0;32m2014-12-30 16:30:58 hadoop2 åˆå§‹åŒ–æ£€æµ‹ /etc/init.d/eyou_mail_phpd å­˜åœ¨ï¼Œé€€å‡º.[0m
[0;32m2014-12-30 16:30:58 hadoop2 åˆå§‹åŒ–æ£€æµ‹ /etc/init.d/eyou_mail_crtmpd å­˜åœ¨ï¼Œé€€å‡º.[0m
[0;32m2014-12-30 16:30:58 hadoop2 åˆå§‹åŒ–æ£€æµ‹ /etc/init.d/eyou_mail_ecs_rstorage å­˜åœ¨ï¼Œé€€å‡º.[0m
[0;32m2014-12-30 16:30:58 hadoop2 åˆå§‹åŒ–æ£€æµ‹ /etc/init.d/eyou_mail_ecs_wstorage å­˜åœ¨ï¼Œé€€å‡º.[0m
[0;32m2014-12-30 16:30:58 hadoop2 åˆå§‹åŒ–æ£€æµ‹ /etc/init.d/eyou_mail_ecs_tracker å­˜åœ¨ï¼Œé€€å‡º.[0m
[0;32m2014-12-30 16:30:58 hadoop2 åˆå§‹åŒ–æ£€æµ‹ /etc/init.d/eyou_mail_httpd å­˜åœ¨ï¼Œé€€å‡º.[0m
[0;32m2014-12-30 16:30:58 hadoop2 åˆå§‹åŒ–æ£€æµ‹ /etc/init.d/eyou_mail_nginx å­˜åœ¨ï¼Œé€€å‡º.[0m
[0;32m2014-12-30 16:30:58 hadoop2 åˆå§‹åŒ–æ£€æµ‹ /etc/init.d/eyou_mail_bounce å­˜åœ¨ï¼Œé€€å‡º.[0m
[0;32m2014-12-30 16:30:59 hadoop2 åˆå§‹åŒ–æ£€æµ‹ /etc/init.d/eyou_mail_local å­˜åœ¨ï¼Œé€€å‡º.[0m
[0;32m2014-12-30 16:30:59 hadoop2 åˆå§‹åŒ–æ£€æµ‹ /etc/init.d/eyou_mail_remote å­˜åœ¨ï¼Œé€€å‡º.[0m
[0;32m2014-12-30 16:30:59 hadoop2 åˆå§‹åŒ–æ£€æµ‹ /etc/init.d/eyou_mail_mlist å­˜åœ¨ï¼Œé€€å‡º.[0m
[0;32m2014-12-30 16:30:59 hadoop2 åˆå§‹åŒ–æ£€æµ‹ /etc/init.d/eyou_mail_smtp å­˜åœ¨ï¼Œé€€å‡º.[0m
[0;32m2014-12-30 16:30:59 hadoop2 åˆå§‹åŒ–æ£€æµ‹ /etc/init.d/eyou_mail_pop å­˜åœ¨ï¼Œé€€å‡º.[0m
[0;32m2014-12-30 16:30:59 hadoop2 åˆå§‹åŒ–æ£€æµ‹ /etc/init.d/eyou_mail_imap å­˜åœ¨ï¼Œé€€å‡º.[0m
[0;32m2014-12-30 16:30:59 hadoop2 åˆå§‹åŒ–æ£€æµ‹ /etc/init.d/eyou_mail_cleanup å­˜åœ¨ï¼Œé€€å‡º.[0m
[0;32m2014-12-30 16:30:59 hadoop2 åˆå§‹åŒ–æ£€æµ‹ /etc/init.d/eyou_mail_cron_etc å­˜åœ¨ï¼Œé€€å‡º.[0m
[0;32m2014-12-30 16:30:59 hadoop2 åˆå§‹åŒ–æ£€æµ‹ /etc/init.d/eyou_mount å­˜åœ¨ï¼Œé€€å‡º.[0m
[0;32m2014-12-30 16:31:00 hadoop2 åˆå§‹åŒ–æ£€æµ‹ /etc/init.d/eyou_check_network å­˜åœ¨ï¼Œé€€å‡º.[0m
[0;32m2014-12-30 16:31:00 hadoop2 åˆå§‹åŒ–æ£€æµ‹ /etc/init.d/eyou_check_sendemail å­˜åœ¨ï¼Œé€€å‡º.[0m
[0;32m2014-12-30 16:31:00 hadoop2 åˆå§‹åŒ–æ£€æµ‹ /etc/init.d/eyou_cron_corolog å­˜åœ¨ï¼Œé€€å‡º.[0m
[0;31m2014-12-30 16:32:59 hadoop2 æœªæ‰¾åˆ°PID æ–‡ä»¶ [ mysql_log ][0m
[0;31m2014-12-30 16:33:00 hadoop2 æœªæ‰¾åˆ°PID æ–‡ä»¶ [ mproxy ][0m
[0;31m2014-12-30 16:33:02 hadoop2 æœªæ‰¾åˆ°PID æ–‡ä»¶ [ mproxy_index ][0m
[0;31m2014-12-30 16:33:03 hadoop2 æœªæ‰¾åˆ°PID æ–‡ä»¶ [ memcache_session ][0m
[0;31m2014-12-30 16:33:05 hadoop2 æœªæ‰¾åˆ°PID æ–‡ä»¶ [ memcache_fix ][0m
[0;31m2014-12-30 16:33:06 hadoop2 æœªæ‰¾åˆ°PID æ–‡ä»¶ [ memcache_hot ][0m
[0;31m2014-12-30 16:33:08 hadoop2 æœªæ‰¾åˆ°PID æ–‡ä»¶ [ gearman ][0m
[0;31m2014-12-30 16:33:10 hadoop2 æœªæ‰¾åˆ°PID æ–‡ä»¶ [ phpd ][0m
[0;31m2014-12-30 16:33:12 hadoop2 æœªæ‰¾åˆ°PID æ–‡ä»¶ [ crtmpd ][0m
[0;31m2014-12-30 16:33:13 hadoop2 æœªæ‰¾åˆ°PID æ–‡ä»¶ [ ecs_rstorage ][0m
[0;31m2014-12-30 16:33:15 hadoop2 æœªæ‰¾åˆ°PID æ–‡ä»¶ [ ecs_wstorage ][0m
[0;31m2014-12-30 16:33:17 hadoop2 æœªæ‰¾åˆ°PID æ–‡ä»¶ [ ecs_tracker ][0m
[0;31m2014-12-30 16:33:19 hadoop2 æœªæ‰¾åˆ°PID æ–‡ä»¶ [ httpd ][0m
[0;31m2014-12-30 16:33:21 hadoop2 æœªæ‰¾åˆ°PID æ–‡ä»¶ [ nginx ][0m
[0;31m2014-12-30 16:33:23 hadoop2 æœªæ‰¾åˆ°PID æ–‡ä»¶ [ bounce ][0m
[0;31m2014-12-30 16:33:25 hadoop2 æœªæ‰¾åˆ°PID æ–‡ä»¶ [ local ][0m
[0;31m2014-12-30 16:33:27 hadoop2 æœªæ‰¾åˆ°PID æ–‡ä»¶ [ remote ][0m
[0;31m2014-12-30 16:33:29 hadoop2 æœªæ‰¾åˆ°PID æ–‡ä»¶ [ mlist ][0m
[0;31m2014-12-30 16:33:31 hadoop2 æœªæ‰¾åˆ°PID æ–‡ä»¶ [ smtp ][0m
[0;31m2014-12-30 16:33:33 hadoop2 æœªæ‰¾åˆ°PID æ–‡ä»¶ [ pop ][0m
[0;31m2014-12-30 16:33:35 hadoop2 æœªæ‰¾åˆ°PID æ–‡ä»¶ [ imap ][0m
[0;31m2014-12-30 16:33:38 hadoop2 æœªæ‰¾åˆ°PID æ–‡ä»¶ [ cleanup ][0m
[0;31m2014-12-30 16:33:40 hadoop2 æœªæ‰¾åˆ°PID æ–‡ä»¶ [ cron_etc ][0m
[0;32m2014-12-30 16:35:54 hadoop2 rsyslogd start [ å¯åŠ¨æˆåŠŸ ] [ OK ] DEBUG_ID: [ 2136 ][0m
[0;31m2014-12-30 16:35:54 hadoop2 ecs_wstorage start [ å¯åŠ¨å¤±è´¥ ] [ ERROR ] DEBUG_ID: [ 1138 ][0m
[0;32m2014-12-30 16:36:08 hadoop2 check 192.168.122.1 port [2049/nfs] is ok. [0m
[0;32m2014-12-30 16:36:08 hadoop2 æŒ‚è½½ç£ç›˜192.168.122.1:/data1/net_dataè®¾å¤‡æˆåŠŸã€‚[0m
[0;32m2014-12-30 16:36:09 hadoop2 /net_data/.eyou_check_disk_time_31241_10550_25535_18878 æ–‡ä»¶ä¸å­˜åœ¨ è·³è¿‡æ£€æŸ¥ï¼Œå°†æ‰§è¡ŒeyouæœåŠ¡å¯åŠ¨åŠ¨ä½œ.[0m
[0;32m2014-12-30 16:36:07 hadoop2 ecs_wstorage stop [ åœæ­¢æˆåŠŸ ] [ OK ] DEBUG_ID: [ 2566 ][0m
[0;32m2014-12-30 16:36:12 hadoop2 crtmpd start [ å¯åŠ¨æˆåŠŸ ] [ OK ] DEBUG_ID: [ 1702 ][0m
[0;32m2014-12-30 16:36:10 hadoop2 mysql start [ å¯åŠ¨æˆåŠŸ ] [ OK ] DEBUG_ID: [ 572 ][0m
[0;32m2014-12-30 16:36:21 hadoop2 httpd start [ å¯åŠ¨æˆåŠŸ ] [ OK ] DEBUG_ID: [ 4024 ][0m
[0;32m2014-12-30 16:36:12 hadoop2 mysql_index start [ å¯åŠ¨æˆåŠŸ ] [ OK ] DEBUG_ID: [ 2445 ][0m
[0;32m2014-12-30 16:36:12 hadoop2 mysql_log start [ å¯åŠ¨æˆåŠŸ ] [ OK ] DEBUG_ID: [ 3137 ][0m
[0;32m2014-12-30 16:36:28 hadoop2 mproxy start [ å¯åŠ¨æˆåŠŸ ] [ OK ] DEBUG_ID: [ 3919 ][0m
[0;32m2014-12-30 16:36:30 hadoop2 memcache_session start [ å¯åŠ¨æˆåŠŸ ] [ OK ] DEBUG_ID: [ 3264 ][0m
[0;32m2014-12-30 16:36:30 hadoop2 mproxy_index start [ å¯åŠ¨æˆåŠŸ ] [ OK ] DEBUG_ID: [ 1376 ][0m
[0;32m2014-12-30 16:36:30 hadoop2 memcache_fix start [ å¯åŠ¨æˆåŠŸ ] [ OK ] DEBUG_ID: [ 2747 ][0m
[0;32m2014-12-30 16:36:35 hadoop2 memcache_hot start [ å¯åŠ¨æˆåŠŸ ] [ OK ] DEBUG_ID: [ 468 ][0m
[0;32m2014-12-30 16:36:37 hadoop2 nginx start [ å¯åŠ¨æˆåŠŸ ] [ OK ] DEBUG_ID: [ 3006 ][0m
[0;32m2014-12-30 16:36:36 hadoop2 gearman start [ å¯åŠ¨æˆåŠŸ ] [ OK ] DEBUG_ID: [ 3781 ][0m
[0;32m2014-12-30 16:36:38 hadoop2 smtp start [ å¯åŠ¨æˆåŠŸ ] [ OK ] DEBUG_ID: [ 3773 ][0m
[0;32m2014-12-30 16:36:41 hadoop2 bounce start [ å¯åŠ¨æˆåŠŸ ] [ OK ] DEBUG_ID: [ 3859 ][0m
[0;32m2014-12-30 16:36:44 hadoop2 remote start [ å¯åŠ¨æˆåŠŸ ] [ OK ] DEBUG_ID: [ 3154 ][0m
[0;32m2014-12-30 16:36:43 hadoop2 local start [ å¯åŠ¨æˆåŠŸ ] [ OK ] DEBUG_ID: [ 711 ][0m
[0;32m2014-12-30 16:36:43 hadoop2 phpd start [ å¯åŠ¨æˆåŠŸ ] [ OK ] DEBUG_ID: [ 507 ][0m
[0;32m2014-12-30 16:36:52 hadoop2 mlist start [ å¯åŠ¨æˆåŠŸ ] [ OK ] DEBUG_ID: [ 2951 ][0m
[0;32m2014-12-30 16:36:54 hadoop2 pop start [ å¯åŠ¨æˆåŠŸ ] [ OK ] DEBUG_ID: [ 3579 ][0m
[0;32m2014-12-30 16:36:57 hadoop2 imap start [ å¯åŠ¨æˆåŠŸ ] [ OK ] DEBUG_ID: [ 1796 ][0m
[0;32m2014-12-30 16:36:58 hadoop2 cleanup start [ å¯åŠ¨æˆåŠŸ ] [ OK ] DEBUG_ID: [ 2562 ][0m
[0;32m2014-12-30 16:37:01 hadoop2 cron_etc start [ å¯åŠ¨æˆåŠŸ ] [ OK ] DEBUG_ID: [ 2851 ][0m
[0;32m2014-12-30 16:37:07 hadoop2 é‚®ä»¶å‘é€æˆåŠŸã€‚[0m
[0;32m2014-12-30 16:37:08 hadoop3 èŠ‚ç‚¹å¯åŠ¨æˆåŠŸ...	[0m
[0;32m2014-12-30 16:37:09 hadoop3 èŠ‚ç‚¹ï¼Œç½‘ç»œæ¢å¤..  [0m
[0;32m2014-12-30 16:37:12 hadoop2 é‚®ä»¶å‘é€æˆåŠŸã€‚[0m
[0;32m2014-12-30 16:37:58 hadoop2 httpd stop [ åœæ­¢æˆåŠŸ ] [ OK ] DEBUG_ID: [ 2926 ][0m
[0;32m2014-12-30 16:37:58 hadoop2 mproxy_index stop [ åœæ­¢æˆåŠŸ ] [ OK ] DEBUG_ID: [ 3882 ][0m
[0;32m2014-12-30 16:37:58 hadoop2 crtmpd stop [ åœæ­¢æˆåŠŸ ] [ OK ] DEBUG_ID: [ 367 ][0m
[0;32m2014-12-30 16:37:58 hadoop2 phpd stop [ åœæ­¢æˆåŠŸ ] [ OK ] DEBUG_ID: [ 3404 ][0m
[0;32m2014-12-30 16:38:07 hadoop2 nginx stop [ åœæ­¢æˆåŠŸ ] [ OK ] DEBUG_ID: [ 3619 ][0m
[0;32m2014-12-30 16:38:07 hadoop2 bounce stop [ åœæ­¢æˆåŠŸ ] [ OK ] DEBUG_ID: [ 1652 ][0m
[0;32m2014-12-30 16:38:07 hadoop2 mysql_index stop [ åœæ­¢æˆåŠŸ ] [ OK ] DEBUG_ID: [ 3140 ][0m
[0;32m2014-12-30 16:38:08 hadoop2 mysql_log stop [ åœæ­¢æˆåŠŸ ] [ OK ] DEBUG_ID: [ 1349 ][0m
[0;32m2014-12-30 16:38:12 hadoop2 gearman stop [ åœæ­¢æˆåŠŸ ] [ OK ] DEBUG_ID: [ 731 ][0m
[0;32m2014-12-30 16:38:13 hadoop2 local stop [ åœæ­¢æˆåŠŸ ] [ OK ] DEBUG_ID: [ 2473 ][0m
[0;32m2014-12-30 16:38:17 hadoop2 remote stop [ åœæ­¢æˆåŠŸ ] [ OK ] DEBUG_ID: [ 3856 ][0m
[0;32m2014-12-30 16:38:17 hadoop2 mlist stop [ åœæ­¢æˆåŠŸ ] [ OK ] DEBUG_ID: [ 865 ][0m
[0;32m2014-12-30 16:38:18 hadoop2 smtp stop [ åœæ­¢æˆåŠŸ ] [ OK ] DEBUG_ID: [ 3058 ][0m
[0;32m2014-12-30 16:38:18 hadoop2 pop stop [ åœæ­¢æˆåŠŸ ] [ OK ] DEBUG_ID: [ 3837 ][0m
[0;32m2014-12-30 16:38:22 hadoop2 imap stop [ åœæ­¢æˆåŠŸ ] [ OK ] DEBUG_ID: [ 1610 ][0m
[0;32m2014-12-30 16:38:24 hadoop2 memcache_session stop [ åœæ­¢æˆåŠŸ ] [ OK ] DEBUG_ID: [ 592 ][0m
[0;32m2014-12-30 16:38:24 hadoop2 memcache_fix stop [ åœæ­¢æˆåŠŸ ] [ OK ] DEBUG_ID: [ 3418 ][0m
[0;32m2014-12-30 16:38:24 hadoop2 memcache_hot stop [ åœæ­¢æˆåŠŸ ] [ OK ] DEBUG_ID: [ 3533 ][0m
[0;32m2014-12-30 16:38:29 hadoop2 mproxy stop [ åœæ­¢æˆåŠŸ ] [ OK ] DEBUG_ID: [ 3059 ][0m
[0;32m2014-12-30 16:38:30 hadoop2 cleanup stop [ åœæ­¢æˆåŠŸ ] [ OK ] DEBUG_ID: [ 1679 ][0m
[0;32m2014-12-30 16:38:31 hadoop2 cron_etc stop [ åœæ­¢æˆåŠŸ ] [ OK ] DEBUG_ID: [ 1120 ][0m
[0;32m2014-12-30 16:38:34 hadoop2 mysql stop [ åœæ­¢æˆåŠŸ ] [ OK ] DEBUG_ID: [ 1772 ][0m
[0;32m2014-12-30 16:38:43 hadoop2 å¸è½½ç£ç›˜192.168.122.1:/data1/net_dataè®¾å¤‡æˆåŠŸã€‚[0m
[0;31m2014-12-30 16:39:11 hadoop2 æœªæ‰¾åˆ°PID æ–‡ä»¶ [ ecs_wstorage ][0m
[0;31m2014-12-30 16:39:27 hadoop2 ecs_wstorage start [ å¯åŠ¨å¤±è´¥ ] [ ERROR ] DEBUG_ID: [ 1573 ][0m
[0;32m2014-12-30 16:39:40 hadoop2 ecs_wstorage stop [ åœæ­¢æˆåŠŸ ] [ OK ] DEBUG_ID: [ 2446 ][0m
[0;32m2014-12-30 16:40:00 hadoop2 rsyslogd stop [ åœæ­¢æˆåŠŸ ] [ OK ] DEBUG_ID: [ 2547 ][0m
